<?xml version="1.0" encoding="UTF-8"?>
<!-- Generated by org.testng.reporters.JUnitXMLReporter -->
<testsuite ignored="0" hostname="LAPTOP-1NBFCQEH" failures="0" tests="3" name="Default test" time="0.052" errors="0" timestamp="2024-10-28T15:18:26 IST">
  <testcase classname="com.Epsondoms.ProductTest.WomensProductTest" name="addProduct" time="0.009"/>
  <testcase classname="com.Epsondoms.ProductTest.WomensProductTest" name="removeProduct" time="0.002"/>
  <testcase classname="com.Epsondoms.ProductTest.WomensProductTest" name="updateProduct" time="0.001"/>
</testsuite> <!-- Default test -->
