<?xml version="1.0" encoding="UTF-8"?>
<!-- Generated by org.testng.reporters.JUnitXMLReporter -->
<testsuite ignored="1" hostname="LAPTOP-1NBFCQEH" failures="0" tests="1" name="ChromeTest" time="0.058" errors="0" timestamp="2024-11-09T09:45:40 IST">
  <testcase classname="com.Epsondoms.Genericlibrary.BaseTest" name="@BeforeClass browserSetup" time="0.016">
    <failure type="java.lang.NullPointerException" message="Cannot invoke &amp;quot;java.io.InputStream.markSupported()&amp;quot; because &amp;quot;stream&amp;quot; is null">
      <![CDATA[java.lang.NullPointerException: Cannot invoke "java.io.InputStream.markSupported()" because "stream" is null
at org.apache.poi.poifs.filesystem.FileMagic.prepareToCheckMagic(FileMagic.java:222)
at org.apache.poi.ss.usermodel.WorkbookFactory.create(WorkbookFactory.java:214)
at org.apache.poi.ss.usermodel.WorkbookFactory.create(WorkbookFactory.java:185)
at com.Epsondoms.Excelfilelibrary.ReadExcelFile.readSingleData(ReadExcelFile.java:40)
at com.Epsondoms.Genericlibrary.BaseTest.browserSetup(BaseTest.java:97)
at java.base/java.util.ArrayList.forEach(ArrayList.java:1511)
... Removed 25 stack frames]]>
    </failure>
  </testcase> <!-- @BeforeClass browserSetup -->
  <testcase classname="com.Epsondoms.Genericlibrary.BaseTest" name="@AfterClass terminateBrowser" time="-1.731125740652E9">
    <skipped/>
  </testcase> <!-- @AfterClass terminateBrowser -->
  <testcase classname="com.Epsondoms.WelcomeTest.VerifyWelcomePageTest" name="verifywelcomepageWithvalidinput" time="0.0">
    <skipped/>
  </testcase> <!-- verifywelcomepageWithvalidinput -->
  <testcase classname="com.Epsondoms.WelcomeTest.VerifyWelcomePageTest" name="verifyWelcomepageWithInValidInput" time="0.0">
    <ignored/>
  </testcase> <!-- verifyWelcomepageWithInValidInput -->
</testsuite> <!-- ChromeTest -->
